2024-05-22 23:02:54,778 [Worker-2: Loading available Gradle versions] INFO  o.e.b.c.i.u.g.PublishedGradleVersions - Gradle version information cache is up-to-date. Trying to read.
2024-05-22 23:03:47,860 [Worker-6: Building] INFO  o.e.m.c.i.l.LifecycleMappingFactory - Using org.eclipse.m2e.jdt.JarLifecycleMapping lifecycle mapping for MavenProject: com.thanhtuyen.server:21020281_TranThiThanhTuyen_Server:0.0.1-SNAPSHOT @ D:\TranThiThanhTuyen_21020281\STT79_TranThiThanhTuyen_21020281_SoMay\pom.xml.
2024-05-22 23:03:50,321 [Worker-6: Building] WARN  o.e.m.c.i.embedder.EclipseLogger - The artifact org.hibernate:hibernate-core:jar:6.4.4.Final has been relocated to org.hibernate.orm:hibernate-core:jar:6.4.4.Final
2024-05-22 23:03:50,322 [Worker-6: Building] WARN  o.e.m.c.i.embedder.EclipseLogger - The artifact org.hibernate:hibernate-testing:jar:6.4.4.Final has been relocated to org.hibernate.orm:hibernate-testing:jar:6.4.4.Final
2024-05-22 23:03:55,259 [Worker-6: Building] WARN  o.e.m.c.i.embedder.EclipseLogger - Using platform encoding (Cp1252 actually) to copy filtered resources, i.e. build is platform dependent!
2024-05-22 23:03:55,259 [Worker-6: Building] INFO  o.e.m.c.i.embedder.EclipseLogger - skip non existing resourceDirectory D:\TranThiThanhTuyen_21020281\STT79_TranThiThanhTuyen_21020281_SoMay\src\main\resources
2024-05-22 23:03:55,261 [Worker-6: Building] WARN  o.e.m.c.i.embedder.EclipseLogger - Using platform encoding (Cp1252 actually) to copy filtered resources, i.e. build is platform dependent!
2024-05-22 23:03:55,262 [Worker-6: Building] INFO  o.e.m.c.i.embedder.EclipseLogger - skip non existing resourceDirectory D:\TranThiThanhTuyen_21020281\STT79_TranThiThanhTuyen_21020281_SoMay\src\test\resources
2024-05-22 23:04:00,523 [Worker-16: Building] WARN  o.e.m.c.i.embedder.EclipseLogger - The artifact org.hibernate:hibernate-core:jar:6.4.4.Final has been relocated to org.hibernate.orm:hibernate-core:jar:6.4.4.Final
2024-05-22 23:04:00,528 [Worker-16: Building] WARN  o.e.m.c.i.embedder.EclipseLogger - The artifact org.hibernate:hibernate-testing:jar:6.4.4.Final has been relocated to org.hibernate.orm:hibernate-testing:jar:6.4.4.Final
2024-05-22 23:04:00,570 [Worker-16: Building] WARN  o.e.m.c.i.embedder.EclipseLogger - Using platform encoding (Cp1252 actually) to copy filtered resources, i.e. build is platform dependent!
2024-05-22 23:04:00,571 [Worker-16: Building] INFO  o.e.m.c.i.embedder.EclipseLogger - skip non existing resourceDirectory D:\TranThiThanhTuyen_21020281\STT79_TranThiThanhTuyen_21020281_SoMay\src\main\resources
2024-05-22 23:04:00,573 [Worker-16: Building] WARN  o.e.m.c.i.embedder.EclipseLogger - Using platform encoding (Cp1252 actually) to copy filtered resources, i.e. build is platform dependent!
2024-05-22 23:04:00,575 [Worker-16: Building] INFO  o.e.m.c.i.embedder.EclipseLogger - skip non existing resourceDirectory D:\TranThiThanhTuyen_21020281\STT79_TranThiThanhTuyen_21020281_SoMay\src\test\resources
2024-05-22 23:04:00,902 [Worker-16: Building] INFO  o.e.m.c.i.l.LifecycleMappingFactory - Using org.eclipse.m2e.jdt.JarLifecycleMapping lifecycle mapping for MavenProject: com.thanhtuyen.client:21020281_TranThiThanhTuyen_Client:0.0.1-SNAPSHOT @ D:\TranThiThanhTuyen_21020281\STT79_TranThiThanhTuyen_21020281_SoMay_Client\pom.xml.
2024-05-22 23:04:01,272 [Worker-16: Building] WARN  o.e.m.c.i.embedder.EclipseLogger - The artifact org.hibernate:hibernate-core:jar:6.4.4.Final has been relocated to org.hibernate.orm:hibernate-core:jar:6.4.4.Final
2024-05-22 23:04:01,274 [Worker-16: Building] WARN  o.e.m.c.i.embedder.EclipseLogger - The artifact org.hibernate:hibernate-testing:jar:6.4.4.Final has been relocated to org.hibernate.orm:hibernate-testing:jar:6.4.4.Final
2024-05-22 23:04:02,415 [Worker-16: Building] WARN  o.e.m.c.i.embedder.EclipseLogger - Using platform encoding (Cp1252 actually) to copy filtered resources, i.e. build is platform dependent!
2024-05-22 23:04:02,416 [Worker-16: Building] INFO  o.e.m.c.i.embedder.EclipseLogger - skip non existing resourceDirectory D:\TranThiThanhTuyen_21020281\STT79_TranThiThanhTuyen_21020281_SoMay_Client\src\main\resources
2024-05-22 23:04:02,419 [Worker-16: Building] WARN  o.e.m.c.i.embedder.EclipseLogger - Using platform encoding (Cp1252 actually) to copy filtered resources, i.e. build is platform dependent!
2024-05-22 23:04:02,420 [Worker-16: Building] INFO  o.e.m.c.i.embedder.EclipseLogger - skip non existing resourceDirectory D:\TranThiThanhTuyen_21020281\STT79_TranThiThanhTuyen_21020281_SoMay_Client\src\test\resources
2024-05-22 23:04:04,052 [Worker-18: Building] WARN  o.e.m.c.i.embedder.EclipseLogger - The artifact org.hibernate:hibernate-core:jar:6.4.4.Final has been relocated to org.hibernate.orm:hibernate-core:jar:6.4.4.Final
2024-05-22 23:04:04,053 [Worker-18: Building] WARN  o.e.m.c.i.embedder.EclipseLogger - The artifact org.hibernate:hibernate-testing:jar:6.4.4.Final has been relocated to org.hibernate.orm:hibernate-testing:jar:6.4.4.Final
2024-05-22 23:04:04,082 [Worker-18: Building] WARN  o.e.m.c.i.embedder.EclipseLogger - Using platform encoding (Cp1252 actually) to copy filtered resources, i.e. build is platform dependent!
2024-05-22 23:04:04,083 [Worker-18: Building] INFO  o.e.m.c.i.embedder.EclipseLogger - skip non existing resourceDirectory D:\TranThiThanhTuyen_21020281\STT79_TranThiThanhTuyen_21020281_SoMay_Client\src\main\resources
2024-05-22 23:04:04,085 [Worker-18: Building] WARN  o.e.m.c.i.embedder.EclipseLogger - Using platform encoding (Cp1252 actually) to copy filtered resources, i.e. build is platform dependent!
2024-05-22 23:04:04,086 [Worker-18: Building] INFO  o.e.m.c.i.embedder.EclipseLogger - skip non existing resourceDirectory D:\TranThiThanhTuyen_21020281\STT79_TranThiThanhTuyen_21020281_SoMay_Client\src\test\resources
2024-05-22 23:07:48,418 [Worker-20: Building] INFO  o.e.m.c.i.l.LifecycleMappingFactory - Using org.eclipse.m2e.jdt.JarLifecycleMapping lifecycle mapping for MavenProject: com.thanhtuyen.server:STT79_TranThiThanhTuyen_21020281_SoMay:0.0.1-SNAPSHOT @ D:\TranThiThanhTuyen_21020281\STT79_TranThiThanhTuyen_21020281_SoMay\pom.xml.
2024-05-22 23:07:48,558 [Worker-20: Building] WARN  o.e.m.c.i.embedder.EclipseLogger - The artifact org.hibernate:hibernate-core:jar:6.4.4.Final has been relocated to org.hibernate.orm:hibernate-core:jar:6.4.4.Final
2024-05-22 23:07:48,559 [Worker-20: Building] WARN  o.e.m.c.i.embedder.EclipseLogger - The artifact org.hibernate:hibernate-testing:jar:6.4.4.Final has been relocated to org.hibernate.orm:hibernate-testing:jar:6.4.4.Final
2024-05-22 23:07:48,829 [Worker-20: Building] WARN  o.e.m.c.i.embedder.EclipseLogger - Using platform encoding (Cp1252 actually) to copy filtered resources, i.e. build is platform dependent!
2024-05-22 23:07:48,829 [Worker-20: Building] INFO  o.e.m.c.i.embedder.EclipseLogger - skip non existing resourceDirectory D:\TranThiThanhTuyen_21020281\STT79_TranThiThanhTuyen_21020281_SoMay\src\main\resources
2024-05-22 23:07:48,830 [Worker-20: Building] WARN  o.e.m.c.i.embedder.EclipseLogger - Using platform encoding (Cp1252 actually) to copy filtered resources, i.e. build is platform dependent!
2024-05-22 23:07:48,831 [Worker-20: Building] INFO  o.e.m.c.i.embedder.EclipseLogger - skip non existing resourceDirectory D:\TranThiThanhTuyen_21020281\STT79_TranThiThanhTuyen_21020281_SoMay\src\test\resources
2024-05-22 23:10:39,918 [Worker-23: Building] INFO  o.e.m.c.i.l.LifecycleMappingFactory - Using org.eclipse.m2e.jdt.JarLifecycleMapping lifecycle mapping for MavenProject: com.thanhtuyen.client:STT79_TranThiThanhTuyen_21020281_SoMay_Client:0.0.1-SNAPSHOT @ D:\TranThiThanhTuyen_21020281\STT79_TranThiThanhTuyen_21020281_SoMay_Client\pom.xml.
2024-05-22 23:10:40,045 [Worker-23: Building] WARN  o.e.m.c.i.embedder.EclipseLogger - The artifact org.hibernate:hibernate-core:jar:6.4.4.Final has been relocated to org.hibernate.orm:hibernate-core:jar:6.4.4.Final
2024-05-22 23:10:40,046 [Worker-23: Building] WARN  o.e.m.c.i.embedder.EclipseLogger - The artifact org.hibernate:hibernate-testing:jar:6.4.4.Final has been relocated to org.hibernate.orm:hibernate-testing:jar:6.4.4.Final
2024-05-22 23:10:40,764 [Worker-23: Building] WARN  o.e.m.c.i.embedder.EclipseLogger - Using platform encoding (Cp1252 actually) to copy filtered resources, i.e. build is platform dependent!
2024-05-22 23:10:40,766 [Worker-23: Building] INFO  o.e.m.c.i.embedder.EclipseLogger - skip non existing resourceDirectory D:\TranThiThanhTuyen_21020281\STT79_TranThiThanhTuyen_21020281_SoMay_Client\src\main\resources
2024-05-22 23:10:40,767 [Worker-23: Building] WARN  o.e.m.c.i.embedder.EclipseLogger - Using platform encoding (Cp1252 actually) to copy filtered resources, i.e. build is platform dependent!
2024-05-22 23:10:40,768 [Worker-23: Building] INFO  o.e.m.c.i.embedder.EclipseLogger - skip non existing resourceDirectory D:\TranThiThanhTuyen_21020281\STT79_TranThiThanhTuyen_21020281_SoMay_Client\src\test\resources
2024-05-22 23:11:16,316 [Worker-25: Updating Maven Project] INFO  o.e.m.c.i.p.ProjectConfigurationManager - Update started
2024-05-22 23:11:16,516 [Worker-25: Updating Maven Project] INFO  o.e.m.c.i.l.LifecycleMappingFactory - Using org.eclipse.m2e.jdt.JarLifecycleMapping lifecycle mapping for MavenProject: com.thanhtuyen.server:STT79_TranThiThanhTuyen_21020281_SoMay:0.0.1-SNAPSHOT @ D:\TranThiThanhTuyen_21020281\STT79_TranThiThanhTuyen_21020281_SoMay\pom.xml.
2024-05-22 23:11:16,634 [Worker-25: Updating Maven Project] WARN  o.e.m.c.i.embedder.EclipseLogger - The artifact org.hibernate:hibernate-core:jar:6.4.4.Final has been relocated to org.hibernate.orm:hibernate-core:jar:6.4.4.Final
2024-05-22 23:11:16,635 [Worker-25: Updating Maven Project] WARN  o.e.m.c.i.embedder.EclipseLogger - The artifact org.hibernate:hibernate-testing:jar:6.4.4.Final has been relocated to org.hibernate.orm:hibernate-testing:jar:6.4.4.Final
2024-05-22 23:11:16,673 [Worker-25: Updating Maven Project] INFO  o.e.m.c.i.l.LifecycleMappingFactory - Using org.eclipse.m2e.jdt.JarLifecycleMapping lifecycle mapping for MavenProject: com.thanhtuyen.client:STT79_TranThiThanhTuyen_21020281_SoMay_Client:0.0.1-SNAPSHOT @ D:\TranThiThanhTuyen_21020281\STT79_TranThiThanhTuyen_21020281_SoMay_Client\pom.xml.
2024-05-22 23:11:16,677 [Worker-25: Updating Maven Project] WARN  o.e.m.c.i.embedder.EclipseLogger - The artifact org.hibernate:hibernate-core:jar:6.4.4.Final has been relocated to org.hibernate.orm:hibernate-core:jar:6.4.4.Final
2024-05-22 23:11:16,678 [Worker-25: Updating Maven Project] WARN  o.e.m.c.i.embedder.EclipseLogger - The artifact org.hibernate:hibernate-testing:jar:6.4.4.Final has been relocated to org.hibernate.orm:hibernate-testing:jar:6.4.4.Final
2024-05-22 23:11:17,474 [Worker-25: Updating Maven Project] INFO  o.e.m.j.i.AbstractJavaProjectConfigurator - Adding source folder /STT79_TranThiThanhTuyen_21020281_SoMay/src/main/java
2024-05-22 23:11:17,474 [Worker-25: Updating Maven Project] INFO  o.e.m.j.i.AbstractJavaProjectConfigurator - Adding source folder /STT79_TranThiThanhTuyen_21020281_SoMay/src/test/java
2024-05-22 23:11:17,634 [Worker-25: Updating Maven Project] INFO  o.e.m.j.i.AbstractJavaProjectConfigurator - Adding source folder /STT79_TranThiThanhTuyen_21020281_SoMay_Client/src/main/java
2024-05-22 23:11:17,634 [Worker-25: Updating Maven Project] INFO  o.e.m.j.i.AbstractJavaProjectConfigurator - Adding source folder /STT79_TranThiThanhTuyen_21020281_SoMay_Client/src/test/java
2024-05-22 23:11:18,145 [Worker-25: Updating Maven Project] INFO  o.e.m.c.i.p.ProjectConfigurationManager - Update completed: 1 sec
2024-05-22 23:11:18,748 [Worker-25: Building] WARN  o.e.m.c.i.embedder.EclipseLogger - The artifact org.hibernate:hibernate-core:jar:6.4.4.Final has been relocated to org.hibernate.orm:hibernate-core:jar:6.4.4.Final
2024-05-22 23:11:18,748 [Worker-25: Building] WARN  o.e.m.c.i.embedder.EclipseLogger - The artifact org.hibernate:hibernate-testing:jar:6.4.4.Final has been relocated to org.hibernate.orm:hibernate-testing:jar:6.4.4.Final
2024-05-22 23:11:18,775 [Worker-25: Building] WARN  o.e.m.c.i.embedder.EclipseLogger - Using platform encoding (Cp1252 actually) to copy filtered resources, i.e. build is platform dependent!
2024-05-22 23:11:18,776 [Worker-25: Building] INFO  o.e.m.c.i.embedder.EclipseLogger - skip non existing resourceDirectory D:\TranThiThanhTuyen_21020281\STT79_TranThiThanhTuyen_21020281_SoMay\src\main\resources
2024-05-22 23:11:18,778 [Worker-25: Building] WARN  o.e.m.c.i.embedder.EclipseLogger - Using platform encoding (Cp1252 actually) to copy filtered resources, i.e. build is platform dependent!
2024-05-22 23:11:18,779 [Worker-25: Building] INFO  o.e.m.c.i.embedder.EclipseLogger - skip non existing resourceDirectory D:\TranThiThanhTuyen_21020281\STT79_TranThiThanhTuyen_21020281_SoMay\src\test\resources
2024-05-22 23:11:19,232 [Worker-26: Building] WARN  o.e.m.c.i.embedder.EclipseLogger - The artifact org.hibernate:hibernate-core:jar:6.4.4.Final has been relocated to org.hibernate.orm:hibernate-core:jar:6.4.4.Final
2024-05-22 23:11:19,232 [Worker-26: Building] WARN  o.e.m.c.i.embedder.EclipseLogger - The artifact org.hibernate:hibernate-testing:jar:6.4.4.Final has been relocated to org.hibernate.orm:hibernate-testing:jar:6.4.4.Final
2024-05-22 23:11:19,243 [Worker-26: Building] WARN  o.e.m.c.i.embedder.EclipseLogger - Using platform encoding (Cp1252 actually) to copy filtered resources, i.e. build is platform dependent!
2024-05-22 23:11:19,243 [Worker-26: Building] INFO  o.e.m.c.i.embedder.EclipseLogger - skip non existing resourceDirectory D:\TranThiThanhTuyen_21020281\STT79_TranThiThanhTuyen_21020281_SoMay_Client\src\main\resources
2024-05-22 23:11:19,245 [Worker-26: Building] WARN  o.e.m.c.i.embedder.EclipseLogger - Using platform encoding (Cp1252 actually) to copy filtered resources, i.e. build is platform dependent!
2024-05-22 23:11:19,245 [Worker-26: Building] INFO  o.e.m.c.i.embedder.EclipseLogger - skip non existing resourceDirectory D:\TranThiThanhTuyen_21020281\STT79_TranThiThanhTuyen_21020281_SoMay_Client\src\test\resources
2024-05-22 23:11:27,868 [Worker-24: Building] WARN  o.e.m.c.i.embedder.EclipseLogger - Using platform encoding (Cp1252 actually) to copy filtered resources, i.e. build is platform dependent!
2024-05-22 23:11:27,869 [Worker-24: Building] INFO  o.e.m.c.i.embedder.EclipseLogger - skip non existing resourceDirectory D:\TranThiThanhTuyen_21020281\STT79_TranThiThanhTuyen_21020281_SoMay\src\main\resources
2024-05-22 23:11:27,870 [Worker-24: Building] WARN  o.e.m.c.i.embedder.EclipseLogger - Using platform encoding (Cp1252 actually) to copy filtered resources, i.e. build is platform dependent!
2024-05-22 23:11:27,871 [Worker-24: Building] INFO  o.e.m.c.i.embedder.EclipseLogger - skip non existing resourceDirectory D:\TranThiThanhTuyen_21020281\STT79_TranThiThanhTuyen_21020281_SoMay\src\test\resources
2024-05-22 23:11:27,878 [Worker-24: Building] WARN  o.e.m.c.i.embedder.EclipseLogger - Using platform encoding (Cp1252 actually) to copy filtered resources, i.e. build is platform dependent!
2024-05-22 23:11:27,879 [Worker-24: Building] INFO  o.e.m.c.i.embedder.EclipseLogger - skip non existing resourceDirectory D:\TranThiThanhTuyen_21020281\STT79_TranThiThanhTuyen_21020281_SoMay_Client\src\main\resources
2024-05-22 23:11:27,880 [Worker-24: Building] WARN  o.e.m.c.i.embedder.EclipseLogger - Using platform encoding (Cp1252 actually) to copy filtered resources, i.e. build is platform dependent!
2024-05-22 23:11:27,881 [Worker-24: Building] INFO  o.e.m.c.i.embedder.EclipseLogger - skip non existing resourceDirectory D:\TranThiThanhTuyen_21020281\STT79_TranThiThanhTuyen_21020281_SoMay_Client\src\test\resources
2024-05-22 23:11:36,284 [Worker-24: Building] WARN  o.e.m.c.i.embedder.EclipseLogger - Using platform encoding (Cp1252 actually) to copy filtered resources, i.e. build is platform dependent!
2024-05-22 23:11:36,285 [Worker-24: Building] INFO  o.e.m.c.i.embedder.EclipseLogger - skip non existing resourceDirectory D:\TranThiThanhTuyen_21020281\STT79_TranThiThanhTuyen_21020281_SoMay\src\main\resources
2024-05-22 23:11:36,287 [Worker-24: Building] WARN  o.e.m.c.i.embedder.EclipseLogger - Using platform encoding (Cp1252 actually) to copy filtered resources, i.e. build is platform dependent!
2024-05-22 23:11:36,287 [Worker-24: Building] INFO  o.e.m.c.i.embedder.EclipseLogger - skip non existing resourceDirectory D:\TranThiThanhTuyen_21020281\STT79_TranThiThanhTuyen_21020281_SoMay\src\test\resources
2024-05-22 23:11:59,506 [Worker-27: Building] WARN  o.e.m.c.i.embedder.EclipseLogger - Using platform encoding (Cp1252 actually) to copy filtered resources, i.e. build is platform dependent!
2024-05-22 23:11:59,507 [Worker-27: Building] INFO  o.e.m.c.i.embedder.EclipseLogger - skip non existing resourceDirectory D:\TranThiThanhTuyen_21020281\STT79_TranThiThanhTuyen_21020281_SoMay\src\main\resources
2024-05-22 23:11:59,508 [Worker-27: Building] WARN  o.e.m.c.i.embedder.EclipseLogger - Using platform encoding (Cp1252 actually) to copy filtered resources, i.e. build is platform dependent!
2024-05-22 23:11:59,509 [Worker-27: Building] INFO  o.e.m.c.i.embedder.EclipseLogger - skip non existing resourceDirectory D:\TranThiThanhTuyen_21020281\STT79_TranThiThanhTuyen_21020281_SoMay\src\test\resources
2024-05-22 23:12:13,680 [Worker-27: Building] WARN  o.e.m.c.i.embedder.EclipseLogger - Using platform encoding (Cp1252 actually) to copy filtered resources, i.e. build is platform dependent!
2024-05-22 23:12:13,680 [Worker-27: Building] INFO  o.e.m.c.i.embedder.EclipseLogger - skip non existing resourceDirectory D:\TranThiThanhTuyen_21020281\STT79_TranThiThanhTuyen_21020281_SoMay_Client\src\main\resources
2024-05-22 23:12:13,681 [Worker-27: Building] WARN  o.e.m.c.i.embedder.EclipseLogger - Using platform encoding (Cp1252 actually) to copy filtered resources, i.e. build is platform dependent!
2024-05-22 23:12:13,682 [Worker-27: Building] INFO  o.e.m.c.i.embedder.EclipseLogger - skip non existing resourceDirectory D:\TranThiThanhTuyen_21020281\STT79_TranThiThanhTuyen_21020281_SoMay_Client\src\test\resources
2024-05-22 23:12:38,441 [Worker-25: Building] WARN  o.e.m.c.i.embedder.EclipseLogger - Using platform encoding (Cp1252 actually) to copy filtered resources, i.e. build is platform dependent!
2024-05-22 23:12:38,441 [Worker-25: Building] INFO  o.e.m.c.i.embedder.EclipseLogger - skip non existing resourceDirectory D:\TranThiThanhTuyen_21020281\STT79_TranThiThanhTuyen_21020281_SoMay\src\main\resources
2024-05-22 23:12:38,443 [Worker-25: Building] WARN  o.e.m.c.i.embedder.EclipseLogger - Using platform encoding (Cp1252 actually) to copy filtered resources, i.e. build is platform dependent!
2024-05-22 23:12:38,443 [Worker-25: Building] INFO  o.e.m.c.i.embedder.EclipseLogger - skip non existing resourceDirectory D:\TranThiThanhTuyen_21020281\STT79_TranThiThanhTuyen_21020281_SoMay\src\test\resources
2024-05-22 23:12:48,531 [Worker-27: Building] WARN  o.e.m.c.i.embedder.EclipseLogger - Using platform encoding (Cp1252 actually) to copy filtered resources, i.e. build is platform dependent!
2024-05-22 23:12:48,532 [Worker-27: Building] INFO  o.e.m.c.i.embedder.EclipseLogger - skip non existing resourceDirectory D:\TranThiThanhTuyen_21020281\STT79_TranThiThanhTuyen_21020281_SoMay\src\main\resources
2024-05-22 23:12:48,533 [Worker-27: Building] WARN  o.e.m.c.i.embedder.EclipseLogger - Using platform encoding (Cp1252 actually) to copy filtered resources, i.e. build is platform dependent!
2024-05-22 23:12:48,534 [Worker-27: Building] INFO  o.e.m.c.i.embedder.EclipseLogger - skip non existing resourceDirectory D:\TranThiThanhTuyen_21020281\STT79_TranThiThanhTuyen_21020281_SoMay\src\test\resources
2024-05-22 23:15:08,293 [Worker-26: Building] WARN  o.e.m.c.i.embedder.EclipseLogger - Using platform encoding (Cp1252 actually) to copy filtered resources, i.e. build is platform dependent!
2024-05-22 23:15:08,294 [Worker-26: Building] INFO  o.e.m.c.i.embedder.EclipseLogger - skip non existing resourceDirectory D:\TranThiThanhTuyen_21020281\STT79_TranThiThanhTuyen_21020281_SoMay\src\main\resources
2024-05-22 23:15:08,295 [Worker-26: Building] WARN  o.e.m.c.i.embedder.EclipseLogger - Using platform encoding (Cp1252 actually) to copy filtered resources, i.e. build is platform dependent!
2024-05-22 23:15:08,296 [Worker-26: Building] INFO  o.e.m.c.i.embedder.EclipseLogger - skip non existing resourceDirectory D:\TranThiThanhTuyen_21020281\STT79_TranThiThanhTuyen_21020281_SoMay\src\test\resources
2024-05-22 23:15:34,523 [Worker-22: Building] WARN  o.e.m.c.i.embedder.EclipseLogger - Using platform encoding (Cp1252 actually) to copy filtered resources, i.e. build is platform dependent!
2024-05-22 23:15:34,523 [Worker-22: Building] INFO  o.e.m.c.i.embedder.EclipseLogger - skip non existing resourceDirectory D:\TranThiThanhTuyen_21020281\STT79_TranThiThanhTuyen_21020281_SoMay\src\main\resources
2024-05-22 23:15:34,524 [Worker-22: Building] WARN  o.e.m.c.i.embedder.EclipseLogger - Using platform encoding (Cp1252 actually) to copy filtered resources, i.e. build is platform dependent!
2024-05-22 23:15:34,525 [Worker-22: Building] INFO  o.e.m.c.i.embedder.EclipseLogger - skip non existing resourceDirectory D:\TranThiThanhTuyen_21020281\STT79_TranThiThanhTuyen_21020281_SoMay\src\test\resources
2024-05-22 23:16:09,113 [Worker-23: Building] WARN  o.e.m.c.i.embedder.EclipseLogger - Using platform encoding (Cp1252 actually) to copy filtered resources, i.e. build is platform dependent!
2024-05-22 23:16:09,114 [Worker-23: Building] INFO  o.e.m.c.i.embedder.EclipseLogger - skip non existing resourceDirectory D:\TranThiThanhTuyen_21020281\STT79_TranThiThanhTuyen_21020281_SoMay\src\main\resources
2024-05-22 23:16:09,115 [Worker-23: Building] WARN  o.e.m.c.i.embedder.EclipseLogger - Using platform encoding (Cp1252 actually) to copy filtered resources, i.e. build is platform dependent!
2024-05-22 23:16:09,116 [Worker-23: Building] INFO  o.e.m.c.i.embedder.EclipseLogger - skip non existing resourceDirectory D:\TranThiThanhTuyen_21020281\STT79_TranThiThanhTuyen_21020281_SoMay\src\test\resources
2024-05-22 23:16:35,345 [Worker-23: Building] WARN  o.e.m.c.i.embedder.EclipseLogger - Using platform encoding (Cp1252 actually) to copy filtered resources, i.e. build is platform dependent!
2024-05-22 23:16:35,346 [Worker-23: Building] INFO  o.e.m.c.i.embedder.EclipseLogger - skip non existing resourceDirectory D:\TranThiThanhTuyen_21020281\STT79_TranThiThanhTuyen_21020281_SoMay\src\main\resources
2024-05-22 23:16:35,347 [Worker-23: Building] WARN  o.e.m.c.i.embedder.EclipseLogger - Using platform encoding (Cp1252 actually) to copy filtered resources, i.e. build is platform dependent!
2024-05-22 23:16:35,348 [Worker-23: Building] INFO  o.e.m.c.i.embedder.EclipseLogger - skip non existing resourceDirectory D:\TranThiThanhTuyen_21020281\STT79_TranThiThanhTuyen_21020281_SoMay\src\test\resources
2024-05-22 23:16:38,031 [Worker-27: Building] WARN  o.e.m.c.i.embedder.EclipseLogger - Using platform encoding (Cp1252 actually) to copy filtered resources, i.e. build is platform dependent!
2024-05-22 23:16:38,032 [Worker-27: Building] INFO  o.e.m.c.i.embedder.EclipseLogger - skip non existing resourceDirectory D:\TranThiThanhTuyen_21020281\STT79_TranThiThanhTuyen_21020281_SoMay\src\main\resources
2024-05-22 23:16:38,033 [Worker-27: Building] WARN  o.e.m.c.i.embedder.EclipseLogger - Using platform encoding (Cp1252 actually) to copy filtered resources, i.e. build is platform dependent!
2024-05-22 23:16:38,033 [Worker-27: Building] INFO  o.e.m.c.i.embedder.EclipseLogger - skip non existing resourceDirectory D:\TranThiThanhTuyen_21020281\STT79_TranThiThanhTuyen_21020281_SoMay\src\test\resources
2024-05-22 23:16:58,620 [Worker-26: Building] WARN  o.e.m.c.i.embedder.EclipseLogger - Using platform encoding (Cp1252 actually) to copy filtered resources, i.e. build is platform dependent!
2024-05-22 23:16:58,621 [Worker-26: Building] INFO  o.e.m.c.i.embedder.EclipseLogger - skip non existing resourceDirectory D:\TranThiThanhTuyen_21020281\STT79_TranThiThanhTuyen_21020281_SoMay\src\main\resources
2024-05-22 23:16:58,622 [Worker-26: Building] WARN  o.e.m.c.i.embedder.EclipseLogger - Using platform encoding (Cp1252 actually) to copy filtered resources, i.e. build is platform dependent!
2024-05-22 23:16:58,622 [Worker-26: Building] INFO  o.e.m.c.i.embedder.EclipseLogger - skip non existing resourceDirectory D:\TranThiThanhTuyen_21020281\STT79_TranThiThanhTuyen_21020281_SoMay\src\test\resources
2024-05-22 23:17:23,656 [Worker-22: Building] WARN  o.e.m.c.i.embedder.EclipseLogger - Using platform encoding (Cp1252 actually) to copy filtered resources, i.e. build is platform dependent!
2024-05-22 23:17:23,657 [Worker-22: Building] INFO  o.e.m.c.i.embedder.EclipseLogger - skip non existing resourceDirectory D:\TranThiThanhTuyen_21020281\STT79_TranThiThanhTuyen_21020281_SoMay\src\main\resources
2024-05-22 23:17:23,659 [Worker-22: Building] WARN  o.e.m.c.i.embedder.EclipseLogger - Using platform encoding (Cp1252 actually) to copy filtered resources, i.e. build is platform dependent!
2024-05-22 23:17:23,660 [Worker-22: Building] INFO  o.e.m.c.i.embedder.EclipseLogger - skip non existing resourceDirectory D:\TranThiThanhTuyen_21020281\STT79_TranThiThanhTuyen_21020281_SoMay\src\test\resources
2024-05-22 23:17:44,230 [Worker-28: Building] WARN  o.e.m.c.i.embedder.EclipseLogger - Using platform encoding (Cp1252 actually) to copy filtered resources, i.e. build is platform dependent!
2024-05-22 23:17:44,231 [Worker-28: Building] INFO  o.e.m.c.i.embedder.EclipseLogger - skip non existing resourceDirectory D:\TranThiThanhTuyen_21020281\STT79_TranThiThanhTuyen_21020281_SoMay_Client\src\main\resources
2024-05-22 23:17:44,233 [Worker-28: Building] WARN  o.e.m.c.i.embedder.EclipseLogger - Using platform encoding (Cp1252 actually) to copy filtered resources, i.e. build is platform dependent!
2024-05-22 23:17:44,234 [Worker-28: Building] INFO  o.e.m.c.i.embedder.EclipseLogger - skip non existing resourceDirectory D:\TranThiThanhTuyen_21020281\STT79_TranThiThanhTuyen_21020281_SoMay_Client\src\test\resources
2024-05-22 23:17:55,751 [Worker-24: Building] WARN  o.e.m.c.i.embedder.EclipseLogger - Using platform encoding (Cp1252 actually) to copy filtered resources, i.e. build is platform dependent!
2024-05-22 23:17:55,752 [Worker-24: Building] INFO  o.e.m.c.i.embedder.EclipseLogger - skip non existing resourceDirectory D:\TranThiThanhTuyen_21020281\STT79_TranThiThanhTuyen_21020281_SoMay_Client\src\main\resources
2024-05-22 23:17:55,754 [Worker-24: Building] WARN  o.e.m.c.i.embedder.EclipseLogger - Using platform encoding (Cp1252 actually) to copy filtered resources, i.e. build is platform dependent!
2024-05-22 23:17:55,755 [Worker-24: Building] INFO  o.e.m.c.i.embedder.EclipseLogger - skip non existing resourceDirectory D:\TranThiThanhTuyen_21020281\STT79_TranThiThanhTuyen_21020281_SoMay_Client\src\test\resources
2024-05-22 23:18:44,830 [Worker-24: Building] WARN  o.e.m.c.i.embedder.EclipseLogger - Using platform encoding (Cp1252 actually) to copy filtered resources, i.e. build is platform dependent!
2024-05-22 23:18:44,831 [Worker-24: Building] INFO  o.e.m.c.i.embedder.EclipseLogger - skip non existing resourceDirectory D:\TranThiThanhTuyen_21020281\STT79_TranThiThanhTuyen_21020281_SoMay_Client\src\main\resources
2024-05-22 23:18:44,832 [Worker-24: Building] WARN  o.e.m.c.i.embedder.EclipseLogger - Using platform encoding (Cp1252 actually) to copy filtered resources, i.e. build is platform dependent!
2024-05-22 23:18:44,833 [Worker-24: Building] INFO  o.e.m.c.i.embedder.EclipseLogger - skip non existing resourceDirectory D:\TranThiThanhTuyen_21020281\STT79_TranThiThanhTuyen_21020281_SoMay_Client\src\test\resources
2024-05-22 23:19:09,997 [Worker-26: Building] WARN  o.e.m.c.i.embedder.EclipseLogger - Using platform encoding (Cp1252 actually) to copy filtered resources, i.e. build is platform dependent!
2024-05-22 23:19:09,998 [Worker-26: Building] INFO  o.e.m.c.i.embedder.EclipseLogger - skip non existing resourceDirectory D:\TranThiThanhTuyen_21020281\STT79_TranThiThanhTuyen_21020281_SoMay_Client\src\main\resources
2024-05-22 23:19:09,999 [Worker-26: Building] WARN  o.e.m.c.i.embedder.EclipseLogger - Using platform encoding (Cp1252 actually) to copy filtered resources, i.e. build is platform dependent!
2024-05-22 23:19:10,000 [Worker-26: Building] INFO  o.e.m.c.i.embedder.EclipseLogger - skip non existing resourceDirectory D:\TranThiThanhTuyen_21020281\STT79_TranThiThanhTuyen_21020281_SoMay_Client\src\test\resources
2024-05-22 23:19:29,941 [Worker-23: Building] WARN  o.e.m.c.i.embedder.EclipseLogger - Using platform encoding (Cp1252 actually) to copy filtered resources, i.e. build is platform dependent!
2024-05-22 23:19:29,942 [Worker-23: Building] INFO  o.e.m.c.i.embedder.EclipseLogger - skip non existing resourceDirectory D:\TranThiThanhTuyen_21020281\STT79_TranThiThanhTuyen_21020281_SoMay_Client\src\main\resources
2024-05-22 23:19:29,942 [Worker-23: Building] WARN  o.e.m.c.i.embedder.EclipseLogger - Using platform encoding (Cp1252 actually) to copy filtered resources, i.e. build is platform dependent!
2024-05-22 23:19:29,943 [Worker-23: Building] INFO  o.e.m.c.i.embedder.EclipseLogger - skip non existing resourceDirectory D:\TranThiThanhTuyen_21020281\STT79_TranThiThanhTuyen_21020281_SoMay_Client\src\test\resources
2024-05-22 23:19:39,217 [Worker-27: Building] WARN  o.e.m.c.i.embedder.EclipseLogger - Using platform encoding (Cp1252 actually) to copy filtered resources, i.e. build is platform dependent!
2024-05-22 23:19:39,218 [Worker-27: Building] INFO  o.e.m.c.i.embedder.EclipseLogger - skip non existing resourceDirectory D:\TranThiThanhTuyen_21020281\STT79_TranThiThanhTuyen_21020281_SoMay_Client\src\main\resources
2024-05-22 23:19:39,218 [Worker-27: Building] WARN  o.e.m.c.i.embedder.EclipseLogger - Using platform encoding (Cp1252 actually) to copy filtered resources, i.e. build is platform dependent!
2024-05-22 23:19:39,219 [Worker-27: Building] INFO  o.e.m.c.i.embedder.EclipseLogger - skip non existing resourceDirectory D:\TranThiThanhTuyen_21020281\STT79_TranThiThanhTuyen_21020281_SoMay_Client\src\test\resources
2024-05-22 23:20:02,644 [Worker-24: Building] WARN  o.e.m.c.i.embedder.EclipseLogger - Using platform encoding (Cp1252 actually) to copy filtered resources, i.e. build is platform dependent!
2024-05-22 23:20:02,645 [Worker-24: Building] INFO  o.e.m.c.i.embedder.EclipseLogger - skip non existing resourceDirectory D:\TranThiThanhTuyen_21020281\STT79_TranThiThanhTuyen_21020281_SoMay_Client\src\main\resources
2024-05-22 23:20:02,645 [Worker-24: Building] WARN  o.e.m.c.i.embedder.EclipseLogger - Using platform encoding (Cp1252 actually) to copy filtered resources, i.e. build is platform dependent!
2024-05-22 23:20:02,646 [Worker-24: Building] INFO  o.e.m.c.i.embedder.EclipseLogger - skip non existing resourceDirectory D:\TranThiThanhTuyen_21020281\STT79_TranThiThanhTuyen_21020281_SoMay_Client\src\test\resources
2024-05-22 23:20:10,338 [Worker-25: Building] WARN  o.e.m.c.i.embedder.EclipseLogger - Using platform encoding (Cp1252 actually) to copy filtered resources, i.e. build is platform dependent!
2024-05-22 23:20:10,339 [Worker-25: Building] INFO  o.e.m.c.i.embedder.EclipseLogger - skip non existing resourceDirectory D:\TranThiThanhTuyen_21020281\STT79_TranThiThanhTuyen_21020281_SoMay_Client\src\main\resources
2024-05-22 23:20:10,340 [Worker-25: Building] WARN  o.e.m.c.i.embedder.EclipseLogger - Using platform encoding (Cp1252 actually) to copy filtered resources, i.e. build is platform dependent!
2024-05-22 23:20:10,340 [Worker-25: Building] INFO  o.e.m.c.i.embedder.EclipseLogger - skip non existing resourceDirectory D:\TranThiThanhTuyen_21020281\STT79_TranThiThanhTuyen_21020281_SoMay_Client\src\test\resources
2024-05-22 23:36:36,091 [Worker-32: Building] WARN  o.e.m.c.i.embedder.EclipseLogger - Using platform encoding (Cp1252 actually) to copy filtered resources, i.e. build is platform dependent!
2024-05-22 23:36:36,092 [Worker-32: Building] INFO  o.e.m.c.i.embedder.EclipseLogger - skip non existing resourceDirectory D:\TranThiThanhTuyen_21020281\STT79_TranThiThanhTuyen_21020281_SoMay_Client\src\main\resources
2024-05-22 23:36:36,093 [Worker-32: Building] WARN  o.e.m.c.i.embedder.EclipseLogger - Using platform encoding (Cp1252 actually) to copy filtered resources, i.e. build is platform dependent!
2024-05-22 23:36:36,093 [Worker-32: Building] INFO  o.e.m.c.i.embedder.EclipseLogger - skip non existing resourceDirectory D:\TranThiThanhTuyen_21020281\STT79_TranThiThanhTuyen_21020281_SoMay_Client\src\test\resources
2024-05-22 23:44:43,793 [Worker-32: Building] INFO  o.e.m.c.i.l.LifecycleMappingFactory - Using org.eclipse.m2e.jdt.JarLifecycleMapping lifecycle mapping for MavenProject: com.thanhtuyen.server:STT79_TranThiThanhTuyen_21020281_SoMay:0.0.1-SNAPSHOT @ D:\TranThiThanhTuyen_21020281\STT79_TranThiThanhTuyen_21020281_SoMay\pom.xml.
2024-05-22 23:44:43,919 [Worker-32: Building] WARN  o.e.m.c.i.embedder.EclipseLogger - The artifact org.hibernate:hibernate-core:jar:6.4.4.Final has been relocated to org.hibernate.orm:hibernate-core:jar:6.4.4.Final
2024-05-22 23:44:44,017 [Worker-32: Building] WARN  o.e.m.c.i.embedder.EclipseLogger - The artifact org.hibernate:hibernate-testing:jar:6.4.4.Final has been relocated to org.hibernate.orm:hibernate-testing:jar:6.4.4.Final
2024-05-22 23:44:44,498 [Worker-32: Building] WARN  o.e.m.c.i.embedder.EclipseLogger - Using platform encoding (Cp1252 actually) to copy filtered resources, i.e. build is platform dependent!
2024-05-22 23:44:44,498 [Worker-32: Building] INFO  o.e.m.c.i.embedder.EclipseLogger - skip non existing resourceDirectory D:\TranThiThanhTuyen_21020281\STT79_TranThiThanhTuyen_21020281_SoMay\src\main\resources
2024-05-22 23:44:44,500 [Worker-32: Building] WARN  o.e.m.c.i.embedder.EclipseLogger - Using platform encoding (Cp1252 actually) to copy filtered resources, i.e. build is platform dependent!
2024-05-22 23:44:44,500 [Worker-32: Building] INFO  o.e.m.c.i.embedder.EclipseLogger - skip non existing resourceDirectory D:\TranThiThanhTuyen_21020281\STT79_TranThiThanhTuyen_21020281_SoMay\src\test\resources
2024-05-22 23:44:59,226 [Worker-35: Building] INFO  o.e.m.c.i.l.LifecycleMappingFactory - Using org.eclipse.m2e.jdt.JarLifecycleMapping lifecycle mapping for MavenProject: com.thanhtuyen.server:STT79_TranThiThanhTuyen_21020281_SoMay:0.0.1-SNAPSHOT @ D:\TranThiThanhTuyen_21020281\STT79_TranThiThanhTuyen_21020281_SoMay\pom.xml.
2024-05-22 23:44:59,896 [Worker-35: Building] INFO  o.e.m.c.i.e.AbstractTransferListenerAdapter - Downloading https://repo.maven.apache.org/maven2/com/microsoft/sqlserver/mssql-jdbc/12.7.0.jre8-preview/mssql-jdbc-12.7.0.jre8-preview.pom
2024-05-22 23:44:59,896 [Worker-33: reload maven project] INFO  o.e.m.c.i.e.AbstractTransferListenerAdapter - Downloading https://repo.maven.apache.org/maven2/com/microsoft/sqlserver/mssql-jdbc/12.7.0.jre8-preview/mssql-jdbc-12.7.0.jre8-preview.pom
2024-05-22 23:45:02,330 [Worker-35: Building] INFO  o.e.m.c.i.e.AbstractTransferListenerAdapter - Downloaded https://repo.maven.apache.org/maven2/com/microsoft/sqlserver/mssql-jdbc/12.7.0.jre8-preview/mssql-jdbc-12.7.0.jre8-preview.pom
2024-05-22 23:45:02,335 [Worker-33: reload maven project] INFO  o.e.m.c.i.e.AbstractTransferListenerAdapter - Downloaded https://repo.maven.apache.org/maven2/com/microsoft/sqlserver/mssql-jdbc/12.7.0.jre8-preview/mssql-jdbc-12.7.0.jre8-preview.pom
2024-05-22 23:45:02,482 [Worker-33: reload maven project] WARN  o.e.m.c.i.embedder.EclipseLogger - The artifact org.hibernate:hibernate-core:jar:6.4.4.Final has been relocated to org.hibernate.orm:hibernate-core:jar:6.4.4.Final
2024-05-22 23:45:02,483 [Worker-35: Building] WARN  o.e.m.c.i.embedder.EclipseLogger - The artifact org.hibernate:hibernate-core:jar:6.4.4.Final has been relocated to org.hibernate.orm:hibernate-core:jar:6.4.4.Final
2024-05-22 23:45:02,483 [Worker-33: reload maven project] WARN  o.e.m.c.i.embedder.EclipseLogger - The artifact org.hibernate:hibernate-testing:jar:6.4.4.Final has been relocated to org.hibernate.orm:hibernate-testing:jar:6.4.4.Final
2024-05-22 23:45:02,484 [Worker-35: Building] WARN  o.e.m.c.i.embedder.EclipseLogger - The artifact org.hibernate:hibernate-testing:jar:6.4.4.Final has been relocated to org.hibernate.orm:hibernate-testing:jar:6.4.4.Final
2024-05-22 23:45:02,806 [Worker-35: Building] INFO  o.e.m.c.i.e.AbstractTransferListenerAdapter - Downloading https://repo.maven.apache.org/maven2/com/microsoft/sqlserver/mssql-jdbc/12.7.0.jre8-preview/mssql-jdbc-12.7.0.jre8-preview.jar
2024-05-22 23:45:02,809 [Worker-33: reload maven project] INFO  o.e.m.c.i.e.AbstractTransferListenerAdapter - Downloading https://repo.maven.apache.org/maven2/com/microsoft/sqlserver/mssql-jdbc/12.7.0.jre8-preview/mssql-jdbc-12.7.0.jre8-preview.jar
2024-05-22 23:45:03,693 [Worker-35: Building] INFO  o.e.m.c.i.e.AbstractTransferListenerAdapter - Downloaded https://repo.maven.apache.org/maven2/com/microsoft/sqlserver/mssql-jdbc/12.7.0.jre8-preview/mssql-jdbc-12.7.0.jre8-preview.jar
2024-05-22 23:45:03,798 [Worker-33: reload maven project] INFO  o.e.m.c.i.e.AbstractTransferListenerAdapter - Downloaded https://repo.maven.apache.org/maven2/com/microsoft/sqlserver/mssql-jdbc/12.7.0.jre8-preview/mssql-jdbc-12.7.0.jre8-preview.jar
2024-05-22 23:45:04,831 [Worker-35: Building] WARN  o.e.m.c.i.embedder.EclipseLogger - Using platform encoding (Cp1252 actually) to copy filtered resources, i.e. build is platform dependent!
2024-05-22 23:45:04,832 [Worker-35: Building] INFO  o.e.m.c.i.embedder.EclipseLogger - skip non existing resourceDirectory D:\TranThiThanhTuyen_21020281\STT79_TranThiThanhTuyen_21020281_SoMay\src\main\resources
2024-05-22 23:45:04,833 [Worker-35: Building] WARN  o.e.m.c.i.embedder.EclipseLogger - Using platform encoding (Cp1252 actually) to copy filtered resources, i.e. build is platform dependent!
2024-05-22 23:45:04,834 [Worker-35: Building] INFO  o.e.m.c.i.embedder.EclipseLogger - skip non existing resourceDirectory D:\TranThiThanhTuyen_21020281\STT79_TranThiThanhTuyen_21020281_SoMay\src\test\resources
2024-05-22 23:45:06,038 [Worker-35: Download sources and javadoc] WARN  o.e.m.c.i.embedder.EclipseLogger - The artifact org.hibernate:hibernate-core:jar:6.4.4.Final has been relocated to org.hibernate.orm:hibernate-core:jar:6.4.4.Final
2024-05-22 23:45:06,039 [Worker-35: Download sources and javadoc] WARN  o.e.m.c.i.embedder.EclipseLogger - The artifact org.hibernate:hibernate-testing:jar:6.4.4.Final has been relocated to org.hibernate.orm:hibernate-testing:jar:6.4.4.Final
2024-05-22 23:45:06,145 [Worker-36: Building] WARN  o.e.m.c.i.embedder.EclipseLogger - Using platform encoding (Cp1252 actually) to copy filtered resources, i.e. build is platform dependent!
2024-05-22 23:45:06,146 [Worker-36: Building] INFO  o.e.m.c.i.embedder.EclipseLogger - skip non existing resourceDirectory D:\TranThiThanhTuyen_21020281\STT79_TranThiThanhTuyen_21020281_SoMay\src\main\resources
2024-05-22 23:45:06,148 [Worker-36: Building] WARN  o.e.m.c.i.embedder.EclipseLogger - Using platform encoding (Cp1252 actually) to copy filtered resources, i.e. build is platform dependent!
2024-05-22 23:45:06,149 [Worker-36: Building] INFO  o.e.m.c.i.embedder.EclipseLogger - skip non existing resourceDirectory D:\TranThiThanhTuyen_21020281\STT79_TranThiThanhTuyen_21020281_SoMay\src\test\resources
2024-05-22 23:45:06,527 [Worker-35: Download sources and javadoc] INFO  o.e.m.c.i.e.AbstractTransferListenerAdapter - Downloading https://repo.maven.apache.org/maven2/com/microsoft/sqlserver/mssql-jdbc/12.7.0.jre8-preview/mssql-jdbc-12.7.0.jre8-preview-sources.jar
2024-05-22 23:45:07,026 [Worker-35: Download sources and javadoc] INFO  o.e.m.c.i.e.AbstractTransferListenerAdapter - Downloaded https://repo.maven.apache.org/maven2/com/microsoft/sqlserver/mssql-jdbc/12.7.0.jre8-preview/mssql-jdbc-12.7.0.jre8-preview-sources.jar
2024-05-22 23:45:07,385 [Worker-35: Download sources and javadoc] INFO  o.e.m.j.internal.DownloadSourcesJob - Downloaded sources for com.microsoft.sqlserver:mssql-jdbc:12.7.0.jre8-preview
2024-05-22 23:45:07,677 [Worker-37: Building] WARN  o.e.m.c.i.embedder.EclipseLogger - Using platform encoding (Cp1252 actually) to copy filtered resources, i.e. build is platform dependent!
2024-05-22 23:45:07,678 [Worker-37: Building] INFO  o.e.m.c.i.embedder.EclipseLogger - skip non existing resourceDirectory D:\TranThiThanhTuyen_21020281\STT79_TranThiThanhTuyen_21020281_SoMay\src\main\resources
2024-05-22 23:45:07,679 [Worker-37: Building] WARN  o.e.m.c.i.embedder.EclipseLogger - Using platform encoding (Cp1252 actually) to copy filtered resources, i.e. build is platform dependent!
2024-05-22 23:45:07,680 [Worker-37: Building] INFO  o.e.m.c.i.embedder.EclipseLogger - skip non existing resourceDirectory D:\TranThiThanhTuyen_21020281\STT79_TranThiThanhTuyen_21020281_SoMay\src\test\resources
2024-05-22 23:45:24,899 [Worker-34: Building] INFO  o.e.m.c.i.l.LifecycleMappingFactory - Using org.eclipse.m2e.jdt.JarLifecycleMapping lifecycle mapping for MavenProject: com.thanhtuyen.server:STT79_TranThiThanhTuyen_21020281_SoMay:0.0.1-SNAPSHOT @ D:\TranThiThanhTuyen_21020281\STT79_TranThiThanhTuyen_21020281_SoMay\pom.xml.
2024-05-22 23:45:25,023 [Worker-34: Building] WARN  o.e.m.c.i.embedder.EclipseLogger - The artifact org.hibernate:hibernate-core:jar:6.4.4.Final has been relocated to org.hibernate.orm:hibernate-core:jar:6.4.4.Final
2024-05-22 23:45:25,024 [Worker-34: Building] WARN  o.e.m.c.i.embedder.EclipseLogger - The artifact org.hibernate:hibernate-testing:jar:6.4.4.Final has been relocated to org.hibernate.orm:hibernate-testing:jar:6.4.4.Final
2024-05-22 23:45:25,294 [Worker-34: Building] WARN  o.e.m.c.i.embedder.EclipseLogger - Using platform encoding (Cp1252 actually) to copy filtered resources, i.e. build is platform dependent!
2024-05-22 23:45:25,294 [Worker-34: Building] INFO  o.e.m.c.i.embedder.EclipseLogger - skip non existing resourceDirectory D:\TranThiThanhTuyen_21020281\STT79_TranThiThanhTuyen_21020281_SoMay\src\main\resources
2024-05-22 23:45:25,295 [Worker-34: Building] WARN  o.e.m.c.i.embedder.EclipseLogger - Using platform encoding (Cp1252 actually) to copy filtered resources, i.e. build is platform dependent!
2024-05-22 23:45:25,296 [Worker-34: Building] INFO  o.e.m.c.i.embedder.EclipseLogger - skip non existing resourceDirectory D:\TranThiThanhTuyen_21020281\STT79_TranThiThanhTuyen_21020281_SoMay\src\test\resources
2024-05-22 23:45:26,816 [Worker-36: Building] WARN  o.e.m.c.i.embedder.EclipseLogger - The artifact org.hibernate:hibernate-core:jar:6.4.4.Final has been relocated to org.hibernate.orm:hibernate-core:jar:6.4.4.Final
2024-05-22 23:45:26,817 [Worker-36: Building] WARN  o.e.m.c.i.embedder.EclipseLogger - The artifact org.hibernate:hibernate-testing:jar:6.4.4.Final has been relocated to org.hibernate.orm:hibernate-testing:jar:6.4.4.Final
2024-05-22 23:45:26,834 [Worker-36: Building] WARN  o.e.m.c.i.embedder.EclipseLogger - Using platform encoding (Cp1252 actually) to copy filtered resources, i.e. build is platform dependent!
2024-05-22 23:45:26,835 [Worker-36: Building] INFO  o.e.m.c.i.embedder.EclipseLogger - skip non existing resourceDirectory D:\TranThiThanhTuyen_21020281\STT79_TranThiThanhTuyen_21020281_SoMay\src\main\resources
2024-05-22 23:45:26,836 [Worker-36: Building] WARN  o.e.m.c.i.embedder.EclipseLogger - Using platform encoding (Cp1252 actually) to copy filtered resources, i.e. build is platform dependent!
2024-05-22 23:45:26,837 [Worker-36: Building] INFO  o.e.m.c.i.embedder.EclipseLogger - skip non existing resourceDirectory D:\TranThiThanhTuyen_21020281\STT79_TranThiThanhTuyen_21020281_SoMay\src\test\resources
2024-05-22 23:45:35,002 [Worker-36: Building] WARN  o.e.m.c.i.embedder.EclipseLogger - Using platform encoding (Cp1252 actually) to copy filtered resources, i.e. build is platform dependent!
2024-05-22 23:45:35,003 [Worker-36: Building] INFO  o.e.m.c.i.embedder.EclipseLogger - skip non existing resourceDirectory D:\TranThiThanhTuyen_21020281\STT79_TranThiThanhTuyen_21020281_SoMay\src\main\resources
2024-05-22 23:45:35,004 [Worker-36: Building] WARN  o.e.m.c.i.embedder.EclipseLogger - Using platform encoding (Cp1252 actually) to copy filtered resources, i.e. build is platform dependent!
2024-05-22 23:45:35,005 [Worker-36: Building] INFO  o.e.m.c.i.embedder.EclipseLogger - skip non existing resourceDirectory D:\TranThiThanhTuyen_21020281\STT79_TranThiThanhTuyen_21020281_SoMay\src\test\resources
2024-05-22 23:45:56,098 [Worker-36: Building] WARN  o.e.m.c.i.embedder.EclipseLogger - Using platform encoding (Cp1252 actually) to copy filtered resources, i.e. build is platform dependent!
2024-05-22 23:45:56,099 [Worker-36: Building] INFO  o.e.m.c.i.embedder.EclipseLogger - skip non existing resourceDirectory D:\TranThiThanhTuyen_21020281\STT79_TranThiThanhTuyen_21020281_SoMay\src\main\resources
2024-05-22 23:45:56,100 [Worker-36: Building] WARN  o.e.m.c.i.embedder.EclipseLogger - Using platform encoding (Cp1252 actually) to copy filtered resources, i.e. build is platform dependent!
2024-05-22 23:45:56,100 [Worker-36: Building] INFO  o.e.m.c.i.embedder.EclipseLogger - skip non existing resourceDirectory D:\TranThiThanhTuyen_21020281\STT79_TranThiThanhTuyen_21020281_SoMay\src\test\resources
2024-05-22 23:46:11,353 [Worker-34: Building] WARN  o.e.m.c.i.embedder.EclipseLogger - Using platform encoding (Cp1252 actually) to copy filtered resources, i.e. build is platform dependent!
2024-05-22 23:46:11,354 [Worker-34: Building] INFO  o.e.m.c.i.embedder.EclipseLogger - skip non existing resourceDirectory D:\TranThiThanhTuyen_21020281\STT79_TranThiThanhTuyen_21020281_SoMay\src\main\resources
2024-05-22 23:46:11,354 [Worker-34: Building] WARN  o.e.m.c.i.embedder.EclipseLogger - Using platform encoding (Cp1252 actually) to copy filtered resources, i.e. build is platform dependent!
2024-05-22 23:46:11,355 [Worker-34: Building] INFO  o.e.m.c.i.embedder.EclipseLogger - skip non existing resourceDirectory D:\TranThiThanhTuyen_21020281\STT79_TranThiThanhTuyen_21020281_SoMay\src\test\resources
2024-05-22 23:52:05,135 [Worker-6: Loading available Gradle versions] INFO  o.e.b.c.i.u.g.PublishedGradleVersions - Gradle version information cache is up-to-date. Trying to read.
2024-05-22 23:52:13,848 [Worker-10: Building] WARN  o.e.m.c.i.embedder.EclipseLogger - The artifact org.hibernate:hibernate-core:jar:6.4.4.Final has been relocated to org.hibernate.orm:hibernate-core:jar:6.4.4.Final
2024-05-22 23:52:13,852 [Worker-10: Building] WARN  o.e.m.c.i.embedder.EclipseLogger - The artifact org.hibernate:hibernate-testing:jar:6.4.4.Final has been relocated to org.hibernate.orm:hibernate-testing:jar:6.4.4.Final
2024-05-22 23:52:14,309 [Worker-10: Building] WARN  o.e.m.c.i.embedder.EclipseLogger - Using platform encoding (Cp1252 actually) to copy filtered resources, i.e. build is platform dependent!
2024-05-22 23:52:14,311 [Worker-10: Building] INFO  o.e.m.c.i.embedder.EclipseLogger - skip non existing resourceDirectory D:\TranThiThanhTuyen_21020281\STT79_TranThiThanhTuyen_21020281_SoMay\src\main\resources
2024-05-22 23:52:14,315 [Worker-10: Building] WARN  o.e.m.c.i.embedder.EclipseLogger - Using platform encoding (Cp1252 actually) to copy filtered resources, i.e. build is platform dependent!
2024-05-22 23:52:14,317 [Worker-10: Building] INFO  o.e.m.c.i.embedder.EclipseLogger - skip non existing resourceDirectory D:\TranThiThanhTuyen_21020281\STT79_TranThiThanhTuyen_21020281_SoMay\src\test\resources
2024-05-22 23:53:49,658 [Worker-10: Building] WARN  o.e.m.c.i.embedder.EclipseLogger - Using platform encoding (Cp1252 actually) to copy filtered resources, i.e. build is platform dependent!
2024-05-22 23:53:49,659 [Worker-10: Building] INFO  o.e.m.c.i.embedder.EclipseLogger - skip non existing resourceDirectory D:\TranThiThanhTuyen_21020281\STT79_TranThiThanhTuyen_21020281_SoMay\src\main\resources
2024-05-22 23:53:49,661 [Worker-10: Building] WARN  o.e.m.c.i.embedder.EclipseLogger - Using platform encoding (Cp1252 actually) to copy filtered resources, i.e. build is platform dependent!
2024-05-22 23:53:49,662 [Worker-10: Building] INFO  o.e.m.c.i.embedder.EclipseLogger - skip non existing resourceDirectory D:\TranThiThanhTuyen_21020281\STT79_TranThiThanhTuyen_21020281_SoMay\src\test\resources
